#
# There is insufficient memory for the Java Runtime Environment to continue.
# Native memory allocation (malloc) failed to allocate 7441424 bytes. Error detail: Chunk::new
# Possible reasons:
#   The system is out of physical RAM or swap space
#   This process is running with CompressedOops enabled, and the Java Heap may be blocking the growth of the native heap
# Possible solutions:
#   Reduce memory load on the system
#   Increase physical memory or swap space
#   Check if swap backing store is full
#   Decrease Java heap size (-Xmx/-Xms)
#   Decrease number of Java threads
#   Decrease Java thread stack sizes (-Xss)
#   Set larger code cache with -XX:ReservedCodeCacheSize=
#   JVM is running with Unscaled Compressed Oops mode in which the Java heap is
#     placed in the first 4GB address space. The Java Heap base address is the
#     maximum limit for the native heap growth. Please use -XX:HeapBaseMinAddress
#     to set the Java Heap base and to place the Java Heap above 4GB virtual address.
# This output file may be truncated or incomplete.
#
#  Out of Memory Error (arena.cpp:162), pid=4316, tid=13112
#
# JRE version: Java(TM) SE Runtime Environment (24.0+36) (build 24+36-3646)
# Java VM: Java HotSpot(TM) 64-Bit Server VM (24+36-3646, mixed mode, sharing, tiered, compressed oops, compressed class ptrs, g1 gc, windows-amd64)
# No core dump will be written. Minidumps are not enabled by default on client versions of Windows
#

---------------  S U M M A R Y ------------

Command Line: -Xmx64m -Xms64m -Dorg.gradle.appname=gradlew org.gradle.wrapper.GradleWrapperMain build --refresh-dependencies

Host: Intel(R) Core(TM) i5-8265U CPU @ 1.60GHz, 8 cores, 7G,  Windows 11 , 64 bit Build 26100 (10.0.26100.4484)
Time: Sat Jul 26 15:18:51 2025 India Standard Time elapsed time: 511.878225 seconds (0d 0h 8m 31s)

---------------  T H R E A D  ---------------

Current thread (0x000001f6a74269c0):  JavaThread "C2 CompilerThread0" daemon [_thread_in_native, id=13112, stack(0x0000004f7c600000,0x0000004f7c700000) (1024K)]


Current CompileTask:
C2:511881 2344       4       org.gradle.internal.logging.console.BuildStatusRenderer::onOutput (350 bytes)

Stack: [0x0000004f7c600000,0x0000004f7c700000]
Native frames: (J=compiled Java code, j=interpreted, Vv=VM code, C=native code)
V  [jvm.dll+0x7308c9]  (no source info available)
V  [jvm.dll+0x8d9ca3]  (no source info available)
V  [jvm.dll+0x8dc13d]  (no source info available)
V  [jvm.dll+0x8dc7b3]  (no source info available)
V  [jvm.dll+0x2aa046]  (no source info available)
V  [jvm.dll+0xced8f]  (no source info available)
V  [jvm.dll+0xcefef]  (no source info available)
V  [jvm.dll+0x154d23]  (no source info available)
V  [jvm.dll+0x7360ef]  (no source info available)
V  [jvm.dll+0x26f9dc]  (no source info available)
V  [jvm.dll+0x26e9ff]  (no source info available)
V  [jvm.dll+0x1e9d00]  (no source info available)
V  [jvm.dll+0x27e1bb]  (no source info available)
V  [jvm.dll+0x27c45a]  (no source info available)
V  [jvm.dll+0x42f566]  (no source info available)
V  [jvm.dll+0x87d8fb]  (no source info available)
V  [jvm.dll+0x72efe5]  (no source info available)
C  [ucrtbase.dll+0x37b0]  (no source info available)
C  [KERNEL32.DLL+0x2e8d7]  (no source info available)
C  [ntdll.dll+0x3c34c]  (no source info available)

Lock stack of current Java thread (top to bottom):


---------------  P R O C E S S  ---------------

Threads class SMR info:
_java_thread_list=0x000001f6edf56e30, length=12, elements={
0x000001f68aa5ce20, 0x000001f6a7411c20, 0x000001f6a7413470, 0x000001f6a7415d00,
0x000001f6a7418820, 0x000001f6a74193e0, 0x000001f6a7425f50, 0x000001f6a74269c0,
0x000001f6a7428810, 0x000001f6a749ab30, 0x000001f6a74a7a80, 0x000001f6ed6a0a10
}

Java Threads: ( => current thread )
  0x000001f68aa5ce20 JavaThread "main"                              [_thread_in_Java, id=5168, stack(0x0000004f7b800000,0x0000004f7b900000) (1024K)]
  0x000001f6a7411c20 JavaThread "Reference Handler"          daemon [_thread_blocked, id=5488, stack(0x0000004f7c000000,0x0000004f7c100000) (1024K)]
  0x000001f6a7413470 JavaThread "Finalizer"                  daemon [_thread_blocked, id=10004, stack(0x0000004f7c100000,0x0000004f7c200000) (1024K)]
  0x000001f6a7415d00 JavaThread "Signal Dispatcher"          daemon [_thread_blocked, id=10984, stack(0x0000004f7c200000,0x0000004f7c300000) (1024K)]
  0x000001f6a7418820 JavaThread "Attach Listener"            daemon [_thread_blocked, id=5952, stack(0x0000004f7c300000,0x0000004f7c400000) (1024K)]
  0x000001f6a74193e0 JavaThread "Service Thread"             daemon [_thread_blocked, id=5172, stack(0x0000004f7c400000,0x0000004f7c500000) (1024K)]
  0x000001f6a7425f50 JavaThread "Monitor Deflation Thread"   daemon [_thread_blocked, id=12520, stack(0x0000004f7c500000,0x0000004f7c600000) (1024K)]
=>0x000001f6a74269c0 JavaThread "C2 CompilerThread0"         daemon [_thread_in_native, id=13112, stack(0x0000004f7c600000,0x0000004f7c700000) (1024K)]
  0x000001f6a7428810 JavaThread "C1 CompilerThread0"         daemon [_thread_blocked, id=12204, stack(0x0000004f7c700000,0x0000004f7c800000) (1024K)]
  0x000001f6a749ab30 JavaThread "Notification Thread"        daemon [_thread_blocked, id=4916, stack(0x0000004f7c800000,0x0000004f7c900000) (1024K)]
  0x000001f6a74a7a80 JavaThread "Common-Cleaner"             daemon [_thread_blocked, id=1400, stack(0x0000004f7c900000,0x0000004f7ca00000) (1024K)]
  0x000001f6ed6a0a10 JavaThread "pool-1-thread-1"                   [_thread_blocked, id=12184, stack(0x0000004f7cc00000,0x0000004f7cd00000) (1024K)]
Total: 12

Other Threads:
  0x000001f6a74011e0 VMThread "VM Thread"                           [id=9280, stack(0x0000004f7bf00000,0x0000004f7c000000) (1024K)]
  0x000001f6a73f3ca0 WatcherThread "VM Periodic Task Thread"        [id=7264, stack(0x0000004f7be00000,0x0000004f7bf00000) (1024K)]
  0x000001f68cd775f0 WorkerThread "GC Thread#0"                     [id=14448, stack(0x0000004f7b900000,0x0000004f7ba00000) (1024K)]
  0x000001f6ed827200 WorkerThread "GC Thread#1"                     [id=14216, stack(0x0000004f7cd00000,0x0000004f7ce00000) (1024K)]
  0x000001f6ed8275b0 WorkerThread "GC Thread#2"                     [id=6604, stack(0x0000004f7ce00000,0x0000004f7cf00000) (1024K)]
  0x000001f6ed827960 WorkerThread "GC Thread#3"                     [id=7844, stack(0x0000004f7cf00000,0x0000004f7d000000) (1024K)]
  0x000001f6edb93b70 WorkerThread "GC Thread#4"                     [id=180, stack(0x0000004f7b600000,0x0000004f7b700000) (1024K)]
  0x000001f6ed8f7760 WorkerThread "GC Thread#5"                     [id=2864, stack(0x0000004f7b700000,0x0000004f7b800000) (1024K)]
  0x000001f68cd79040 ConcurrentGCThread "G1 Main Marker"            [id=6112, stack(0x0000004f7ba00000,0x0000004f7bb00000) (1024K)]
  0x000001f68cd79b50 WorkerThread "G1 Conc#0"                       [id=6552, stack(0x0000004f7bb00000,0x0000004f7bc00000) (1024K)]
  0x000001f68ce19530 ConcurrentGCThread "G1 Refine#0"               [id=9528, stack(0x0000004f7bc00000,0x0000004f7bd00000) (1024K)]
  0x000001f68ce1daa0 ConcurrentGCThread "G1 Service"                [id=1768, stack(0x0000004f7bd00000,0x0000004f7be00000) (1024K)]
Total: 12

Threads with active compile tasks:
C2 CompilerThread0  512264 2344       4       org.gradle.internal.logging.console.BuildStatusRenderer::onOutput (350 bytes)
Total: 1

VM state: not at safepoint (normal execution)

VM Mutex/Monitor currently owned by a thread: None

Heap address: 0x00000000fc000000, size: 64 MB, Compressed Oops mode: 32-bit

CDS archive(s) mapped at: [0x000001f6a8000000-0x000001f6a8d40000-0x000001f6a8d40000), size 13893632, SharedBaseAddress: 0x000001f6a8000000, ArchiveRelocationMode: 1.
Compressed class space mapped at: 0x000001f6a9000000-0x000001f6e9000000, reserved size: 1073741824
UseCompressedClassPointers 1, UseCompactObjectHeaders 0
Narrow klass pointer bits 32, Max shift 3
Narrow klass base: 0x000001f6a8000000, Narrow klass shift: 0
Encoding Range: [0x000001f6a8000000 - 0x000001f7a8000000), (4294967296 bytes)
Klass Range:    [0x000001f6a8000000 - 0x000001f6e9000000), (1090519040 bytes)
Klass ID Range:  [8 - 1090519033) (1090519025)

GC Precious Log:
 CardTable entry size: 512
 Card Set container configuration: InlinePtr #cards 5 size 8 Array Of Cards #cards 10 size 36 Howl #buckets 4 coarsen threshold 1843 Howl Bitmap #cards 512 size 80 coarsen threshold 460 Card regions per heap region 1 cards per card region 2048
 CPUs: 8 total, 8 available
 Memory: 8043M
 Large Page Support: Disabled
 NUMA Support: Disabled
 Compressed Oops: Enabled (32-bit)
 Heap Region Size: 1M
 Heap Min Capacity: 64M
 Heap Initial Capacity: 64M
 Heap Max Capacity: 64M
 Pre-touch: Disabled
 Parallel Workers: 8
 Concurrent Workers: 2
 Concurrent Refinement Workers: 8
 Periodic GC: Disabled

Heap:
 garbage-first heap   total reserved 65536K, committed 65536K, used 26855K [0x00000000fc000000, 0x0000000100000000)
  region size 1024K, 16 young (16384K), 2 survivors (2048K)
 Metaspace       used 10293K, committed 10624K, reserved 1114112K
  class space    used 1057K, committed 1216K, reserved 1048576K

Heap Regions: E=young(eden), S=young(survivor), O=old, HS=humongous(starts), HC=humongous(continues), CS=collection set, F=free, TAMS=top-at-mark-start, PB=parsable bottom
|   0|0x00000000fc000000, 0x00000000fc100000, 0x00000000fc100000|100%|HS|  |TAMS 0x00000000fc000000| PB 0x00000000fc000000| Complete |  0
|   1|0x00000000fc100000, 0x00000000fc200000, 0x00000000fc200000|100%|HC|  |TAMS 0x00000000fc100000| PB 0x00000000fc100000| Complete |  0
|   2|0x00000000fc200000, 0x00000000fc300000, 0x00000000fc300000|100%|HC|  |TAMS 0x00000000fc200000| PB 0x00000000fc200000| Complete |  0
|   3|0x00000000fc300000, 0x00000000fc400000, 0x00000000fc400000|100%|HC|  |TAMS 0x00000000fc300000| PB 0x00000000fc300000| Complete |  0
|   4|0x00000000fc400000, 0x00000000fc500000, 0x00000000fc500000|100%| O|  |TAMS 0x00000000fc400000| PB 0x00000000fc400000| Untracked |  0
|   5|0x00000000fc500000, 0x00000000fc600000, 0x00000000fc600000|100%| O|  |TAMS 0x00000000fc500000| PB 0x00000000fc500000| Untracked |  0
|   6|0x00000000fc600000, 0x00000000fc700000, 0x00000000fc700000|100%| O|  |TAMS 0x00000000fc600000| PB 0x00000000fc600000| Untracked |  0
|   7|0x00000000fc700000, 0x00000000fc800000, 0x00000000fc800000|100%| O|  |TAMS 0x00000000fc700000| PB 0x00000000fc700000| Untracked |  0
|   8|0x00000000fc800000, 0x00000000fc900000, 0x00000000fc900000|100%| O|  |TAMS 0x00000000fc800000| PB 0x00000000fc800000| Untracked |  0
|   9|0x00000000fc900000, 0x00000000fca00000, 0x00000000fca00000|100%| O|  |TAMS 0x00000000fc900000| PB 0x00000000fc900000| Untracked |  0
|  10|0x00000000fca00000, 0x00000000fcab7d58, 0x00000000fcb00000| 71%| O|  |TAMS 0x00000000fca00000| PB 0x00000000fca00000| Untracked |  0
|  11|0x00000000fcb00000, 0x00000000fcb00000, 0x00000000fcc00000|  0%| F|  |TAMS 0x00000000fcb00000| PB 0x00000000fcb00000| Untracked |  0
|  12|0x00000000fcc00000, 0x00000000fcc00000, 0x00000000fcd00000|  0%| F|  |TAMS 0x00000000fcc00000| PB 0x00000000fcc00000| Untracked |  0
|  13|0x00000000fcd00000, 0x00000000fcd00000, 0x00000000fce00000|  0%| F|  |TAMS 0x00000000fcd00000| PB 0x00000000fcd00000| Untracked |  0
|  14|0x00000000fce00000, 0x00000000fce00000, 0x00000000fcf00000|  0%| F|  |TAMS 0x00000000fce00000| PB 0x00000000fce00000| Untracked |  0
|  15|0x00000000fcf00000, 0x00000000fcf00000, 0x00000000fd000000|  0%| F|  |TAMS 0x00000000fcf00000| PB 0x00000000fcf00000| Untracked |  0
|  16|0x00000000fd000000, 0x00000000fd000000, 0x00000000fd100000|  0%| F|  |TAMS 0x00000000fd000000| PB 0x00000000fd000000| Untracked |  0
|  17|0x00000000fd100000, 0x00000000fd100000, 0x00000000fd200000|  0%| F|  |TAMS 0x00000000fd100000| PB 0x00000000fd100000| Untracked |  0
|  18|0x00000000fd200000, 0x00000000fd200000, 0x00000000fd300000|  0%| F|  |TAMS 0x00000000fd200000| PB 0x00000000fd200000| Untracked |  0
|  19|0x00000000fd300000, 0x00000000fd300000, 0x00000000fd400000|  0%| F|  |TAMS 0x00000000fd300000| PB 0x00000000fd300000| Untracked |  0
|  20|0x00000000fd400000, 0x00000000fd400000, 0x00000000fd500000|  0%| F|  |TAMS 0x00000000fd400000| PB 0x00000000fd400000| Untracked |  0
|  21|0x00000000fd500000, 0x00000000fd500000, 0x00000000fd600000|  0%| F|  |TAMS 0x00000000fd500000| PB 0x00000000fd500000| Untracked |  0
|  22|0x00000000fd600000, 0x00000000fd600000, 0x00000000fd700000|  0%| F|  |TAMS 0x00000000fd600000| PB 0x00000000fd600000| Untracked |  0
|  23|0x00000000fd700000, 0x00000000fd700000, 0x00000000fd800000|  0%| F|  |TAMS 0x00000000fd700000| PB 0x00000000fd700000| Untracked |  0
|  24|0x00000000fd800000, 0x00000000fd800000, 0x00000000fd900000|  0%| F|  |TAMS 0x00000000fd800000| PB 0x00000000fd800000| Untracked |  0
|  25|0x00000000fd900000, 0x00000000fd900000, 0x00000000fda00000|  0%| F|  |TAMS 0x00000000fd900000| PB 0x00000000fd900000| Untracked |  0
|  26|0x00000000fda00000, 0x00000000fda00000, 0x00000000fdb00000|  0%| F|  |TAMS 0x00000000fda00000| PB 0x00000000fda00000| Untracked |  0
|  27|0x00000000fdb00000, 0x00000000fdb00000, 0x00000000fdc00000|  0%| F|  |TAMS 0x00000000fdb00000| PB 0x00000000fdb00000| Untracked |  0
|  28|0x00000000fdc00000, 0x00000000fdc00000, 0x00000000fdd00000|  0%| F|  |TAMS 0x00000000fdc00000| PB 0x00000000fdc00000| Untracked |  0
|  29|0x00000000fdd00000, 0x00000000fdd00000, 0x00000000fde00000|  0%| F|  |TAMS 0x00000000fdd00000| PB 0x00000000fdd00000| Untracked |  0
|  30|0x00000000fde00000, 0x00000000fde00000, 0x00000000fdf00000|  0%| F|  |TAMS 0x00000000fde00000| PB 0x00000000fde00000| Untracked |  0
|  31|0x00000000fdf00000, 0x00000000fdf00000, 0x00000000fe000000|  0%| F|  |TAMS 0x00000000fdf00000| PB 0x00000000fdf00000| Untracked |  0
|  32|0x00000000fe000000, 0x00000000fe000000, 0x00000000fe100000|  0%| F|  |TAMS 0x00000000fe000000| PB 0x00000000fe000000| Untracked |  0
|  33|0x00000000fe100000, 0x00000000fe100000, 0x00000000fe200000|  0%| F|  |TAMS 0x00000000fe100000| PB 0x00000000fe100000| Untracked |  0
|  34|0x00000000fe200000, 0x00000000fe200000, 0x00000000fe300000|  0%| F|  |TAMS 0x00000000fe200000| PB 0x00000000fe200000| Untracked |  0
|  35|0x00000000fe300000, 0x00000000fe300000, 0x00000000fe400000|  0%| F|  |TAMS 0x00000000fe300000| PB 0x00000000fe300000| Untracked |  0
|  36|0x00000000fe400000, 0x00000000fe400000, 0x00000000fe500000|  0%| F|  |TAMS 0x00000000fe400000| PB 0x00000000fe400000| Untracked |  0
|  37|0x00000000fe500000, 0x00000000fe500000, 0x00000000fe600000|  0%| F|  |TAMS 0x00000000fe500000| PB 0x00000000fe500000| Untracked |  0
|  38|0x00000000fe600000, 0x00000000fe600000, 0x00000000fe700000|  0%| F|  |TAMS 0x00000000fe600000| PB 0x00000000fe600000| Untracked |  0
|  39|0x00000000fe700000, 0x00000000fe764c80, 0x00000000fe800000| 39%| S|CS|TAMS 0x00000000fe700000| PB 0x00000000fe700000| Complete |  0
|  40|0x00000000fe800000, 0x00000000fe900000, 0x00000000fe900000|100%| S|CS|TAMS 0x00000000fe800000| PB 0x00000000fe800000| Complete |  0
|  41|0x00000000fe900000, 0x00000000fe900000, 0x00000000fea00000|  0%| F|  |TAMS 0x00000000fe900000| PB 0x00000000fe900000| Untracked |  0
|  42|0x00000000fea00000, 0x00000000fea00000, 0x00000000feb00000|  0%| F|  |TAMS 0x00000000fea00000| PB 0x00000000fea00000| Untracked |  0
|  43|0x00000000feb00000, 0x00000000feb00000, 0x00000000fec00000|  0%| F|  |TAMS 0x00000000feb00000| PB 0x00000000feb00000| Untracked |  0
|  44|0x00000000fec00000, 0x00000000fec00000, 0x00000000fed00000|  0%| F|  |TAMS 0x00000000fec00000| PB 0x00000000fec00000| Untracked |  0
|  45|0x00000000fed00000, 0x00000000fed00000, 0x00000000fee00000|  0%| F|  |TAMS 0x00000000fed00000| PB 0x00000000fed00000| Untracked |  0
|  46|0x00000000fee00000, 0x00000000fee00000, 0x00000000fef00000|  0%| F|  |TAMS 0x00000000fee00000| PB 0x00000000fee00000| Untracked |  0
|  47|0x00000000fef00000, 0x00000000fef00000, 0x00000000ff000000|  0%| F|  |TAMS 0x00000000fef00000| PB 0x00000000fef00000| Untracked |  0
|  48|0x00000000ff000000, 0x00000000ff074858, 0x00000000ff100000| 45%| E|  |TAMS 0x00000000ff000000| PB 0x00000000ff000000| Complete |  0
|  49|0x00000000ff100000, 0x00000000ff200000, 0x00000000ff200000|100%| E|CS|TAMS 0x00000000ff100000| PB 0x00000000ff100000| Complete |  0
|  50|0x00000000ff200000, 0x00000000ff300000, 0x00000000ff300000|100%| E|CS|TAMS 0x00000000ff200000| PB 0x00000000ff200000| Complete |  0
|  51|0x00000000ff300000, 0x00000000ff400000, 0x00000000ff400000|100%| E|CS|TAMS 0x00000000ff300000| PB 0x00000000ff300000| Complete |  0
|  52|0x00000000ff400000, 0x00000000ff500000, 0x00000000ff500000|100%| E|CS|TAMS 0x00000000ff400000| PB 0x00000000ff400000| Complete |  0
|  53|0x00000000ff500000, 0x00000000ff600000, 0x00000000ff600000|100%| E|CS|TAMS 0x00000000ff500000| PB 0x00000000ff500000| Complete |  0
|  54|0x00000000ff600000, 0x00000000ff700000, 0x00000000ff700000|100%| E|CS|TAMS 0x00000000ff600000| PB 0x00000000ff600000| Complete |  0
|  55|0x00000000ff700000, 0x00000000ff800000, 0x00000000ff800000|100%| E|CS|TAMS 0x00000000ff700000| PB 0x00000000ff700000| Complete |  0
|  56|0x00000000ff800000, 0x00000000ff900000, 0x00000000ff900000|100%| E|CS|TAMS 0x00000000ff800000| PB 0x00000000ff800000| Complete |  0
|  57|0x00000000ff900000, 0x00000000ffa00000, 0x00000000ffa00000|100%| E|CS|TAMS 0x00000000ff900000| PB 0x00000000ff900000| Complete |  0
|  58|0x00000000ffa00000, 0x00000000ffb00000, 0x00000000ffb00000|100%| E|CS|TAMS 0x00000000ffa00000| PB 0x00000000ffa00000| Complete |  0
|  59|0x00000000ffb00000, 0x00000000ffc00000, 0x00000000ffc00000|100%| E|CS|TAMS 0x00000000ffb00000| PB 0x00000000ffb00000| Complete |  0
|  60|0x00000000ffc00000, 0x00000000ffd00000, 0x00000000ffd00000|100%| E|CS|TAMS 0x00000000ffc00000| PB 0x00000000ffc00000| Complete |  0
|  61|0x00000000ffd00000, 0x00000000ffe00000, 0x00000000ffe00000|100%| E|CS|TAMS 0x00000000ffd00000| PB 0x00000000ffd00000| Complete |  0
|  62|0x00000000ffe00000, 0x00000000fff00000, 0x00000000fff00000|100%| O|  |TAMS 0x00000000ffe00000| PB 0x00000000ffe00000| Untracked |  0
|  63|0x00000000fff00000, 0x00000000fff1d3c0, 0x0000000100000000| 11%| O|  |TAMS 0x00000000fff00000| PB 0x00000000fff00000| Untracked |  0

Card table byte_map: [0x000001f68cc70000,0x000001f68cc90000] _byte_map_base: 0x000001f68c490000

Marking Bits: (CMBitMap*) 0x000001f68cd77d00
 Bits: [0x000001f6a4930000, 0x000001f6a4a30000)

Polling page: 0x000001f68afc0000

Metaspace:

Usage:
  Non-class:      9.02 MB used.
      Class:      1.03 MB used.
       Both:     10.05 MB used.

Virtual space:
  Non-class space:       64.00 MB reserved,       9.19 MB ( 14%) committed,  1 nodes.
      Class space:        1.00 GB reserved,       1.19 MB ( <1%) committed,  1 nodes.
             Both:        1.06 GB reserved,      10.38 MB ( <1%) committed. 

Chunk freelists:
   Non-Class:  5.97 MB
       Class:  14.64 MB
        Both:  20.61 MB

MaxMetaspaceSize: unlimited
CompressedClassSpaceSize: 1.00 GB
Initial GC threshold: 21.00 MB
Current GC threshold: 21.00 MB
CDS: on
 - commit_granule_bytes: 65536.
 - commit_granule_words: 8192.
 - virtual_space_node_default_size: 8388608.
 - enlarge_chunks_in_place: 1.
UseCompressedClassPointers 1, UseCompactObjectHeaders 0
Narrow klass pointer bits 32, Max shift 3
Narrow klass base: 0x000001f6a8000000, Narrow klass shift: 0
Encoding Range: [0x000001f6a8000000 - 0x000001f7a8000000), (4294967296 bytes)
Klass Range:    [0x000001f6a8000000 - 0x000001f6e9000000), (1090519040 bytes)
Klass ID Range:  [8 - 1090519033) (1090519025)


Internal statistics:

num_allocs_failed_limit: 0.
num_arena_births: 234.
num_arena_deaths: 0.
num_vsnodes_births: 2.
num_vsnodes_deaths: 0.
num_space_committed: 166.
num_space_uncommitted: 0.
num_chunks_returned_to_freelist: 0.
num_chunks_taken_from_freelist: 527.
num_chunk_merges: 0.
num_chunk_splits: 347.
num_chunks_enlarged: 255.
num_inconsistent_stats: 0.

CodeHeap 'non-profiled nmethods': size=120064Kb used=969Kb max_used=969Kb free=119094Kb
 bounds [0x000001f69d0c0000, 0x000001f69d330000, 0x000001f6a4600000]
CodeHeap 'profiled nmethods': size=120000Kb used=3536Kb max_used=3536Kb free=116463Kb
 bounds [0x000001f695600000, 0x000001f695980000, 0x000001f69cb30000]
CodeHeap 'non-nmethods': size=5696Kb used=1332Kb max_used=1380Kb free=4363Kb
 bounds [0x000001f69cb30000, 0x000001f69cda0000, 0x000001f69d0c0000]
CodeCache: size=245760Kb, used=5837Kb, max_used=5885Kb, free=239920Kb
 total_blobs=2847, nmethods=2352, adapters=399, full_count=0
Compilation: enabled, stopped_count=0, restarted_count=0

Compilation events (20 events):
Event: 498.688 Thread 0x000001f6a74269c0 nmethod 2343 0x000001f69d1b1988 code [0x000001f69d1b1a80, 0x000001f69d1b1b90]
Event: 505.077 Thread 0x000001f6a74269c0 2344       4       org.gradle.internal.logging.console.BuildStatusRenderer::onOutput (350 bytes)
Event: 505.578 Thread 0x000001f6a7428810 2345       3       java.lang.System::getProperty (12 bytes)
Event: 506.574 Thread 0x000001f6a7428810 nmethod 2345 0x000001f695971788 code [0x000001f695971900, 0x000001f695971e70]
Event: 506.574 Thread 0x000001f6a7428810 2346       3       org.gradle.internal.logging.console.Cursor::<init> (5 bytes)
Event: 506.574 Thread 0x000001f6a7428810 nmethod 2346 0x000001f695971f08 code [0x000001f695972020, 0x000001f695972180]
Event: 506.685 Thread 0x000001f6a7428810 2347       3       org.gradle.internal.logging.text.AbstractLineChoppingStyledTextOutput$StateContext::flushLineText (113 bytes)
Event: 507.609 Thread 0x000001f6a7428810 nmethod 2347 0x000001f695972208 code [0x000001f695972400, 0x000001f695973190]
Event: 507.628 Thread 0x000001f6a7428810 2349       1       org.gradle.internal.logging.console.DefaultAnsiExecutor::access$300 (5 bytes)
Event: 507.629 Thread 0x000001f6a7428810 nmethod 2349 0x000001f69d1b1c88 code [0x000001f69d1b1d80, 0x000001f69d1b1e28]
Event: 507.633 Thread 0x000001f6a7428810 2350       3       org.gradle.internal.logging.text.AbstractStyledTextOutput::text (19 bytes)
Event: 508.617 Thread 0x000001f6a7428810 nmethod 2350 0x000001f695973208 code [0x000001f695973340, 0x000001f695973630]
Event: 508.617 Thread 0x000001f6a7428810 2351       3       org.gradle.internal.logging.text.AbstractLineChoppingStyledTextOutput$StateContext::<init> (79 bytes)
Event: 508.618 Thread 0x000001f6a7428810 nmethod 2351 0x000001f695973688 code [0x000001f6959737e0, 0x000001f695973dd8]
Event: 508.618 Thread 0x000001f6a7428810 2357       3       org.gradle.internal.logging.text.AbstractLineChoppingStyledTextOutput$SeenFromEol::copy (28 bytes)
Event: 509.617 Thread 0x000001f6a7428810 nmethod 2357 0x000001f695973e88 code [0x000001f695973fc0, 0x000001f695974300]
Event: 509.617 Thread 0x000001f6a7428810 2353       1       org.gradle.internal.logging.console.AnsiConsole::access$100 (5 bytes)
Event: 509.618 Thread 0x000001f6a7428810 nmethod 2353 0x000001f69d1b1f88 code [0x000001f69d1b2080, 0x000001f69d1b2128]
Event: 509.618 Thread 0x000001f6a7428810 2354       1       org.gradle.internal.logging.text.AbstractStyledTextOutput::getStyle (5 bytes)
Event: 509.618 Thread 0x000001f6a7428810 nmethod 2354 0x000001f69d1b2288 code [0x000001f69d1b2380, 0x000001f69d1b2448]

GC Heap History (4 events):
Event: 0.963 GC heap before
{Heap before GC invocations=0 (full 0):
 garbage-first heap   total reserved 65536K, committed 65536K, used 39028K [0x00000000fc000000, 0x0000000100000000)
  region size 1024K, 34 young (34816K), 0 survivors (0K)
 Metaspace       used 5293K, committed 5504K, reserved 1114112K
  class space    used 537K, committed 640K, reserved 1048576K
}
Event: 0.969 GC heap after
{Heap after GC invocations=1 (full 0):
 garbage-first heap   total reserved 65536K, committed 65536K, used 12366K [0x00000000fc000000, 0x0000000100000000)
  region size 1024K, 5 young (5120K), 5 survivors (5120K)
 Metaspace       used 5293K, committed 5504K, reserved 1114112K
  class space    used 537K, committed 640K, reserved 1048576K
}
Event: 159.396 GC heap before
{Heap before GC invocations=1 (full 0):
 garbage-first heap   total reserved 65536K, committed 65536K, used 33870K [0x00000000fc000000, 0x0000000100000000)
  region size 1024K, 26 young (26624K), 5 survivors (5120K)
 Metaspace       used 10263K, committed 10624K, reserved 1114112K
  class space    used 1056K, committed 1216K, reserved 1048576K
}
Event: 159.406 GC heap after
{Heap after GC invocations=2 (full 0):
 garbage-first heap   total reserved 65536K, committed 65536K, used 13543K [0x00000000fc000000, 0x0000000100000000)
  region size 1024K, 2 young (2048K), 2 survivors (2048K)
 Metaspace       used 10263K, committed 10624K, reserved 1114112K
  class space    used 1056K, committed 1216K, reserved 1048576K
}

Dll operation events (13 events):
Event: 0.009 Loaded shared library C:\Program Files\Java\jdk-24\bin\java.dll
Event: 0.037 Loaded shared library C:\Program Files\Java\jdk-24\bin\jsvml.dll
Event: 0.043 Loaded shared library C:\Program Files\Java\jdk-24\bin\net.dll
Event: 0.045 Loaded shared library C:\Program Files\Java\jdk-24\bin\nio.dll
Event: 0.048 Loaded shared library C:\Program Files\Java\jdk-24\bin\zip.dll
Event: 0.051 Loaded shared library C:\Program Files\Java\jdk-24\bin\verify.dll
Event: 0.376 Loaded shared library C:\Program Files\Java\jdk-24\bin\jimage.dll
Event: 0.844 Loaded shared library C:\Users\ariha\.gradle\native\c067742578af261105cb4f569cf0c3c89f3d7b1fecec35dd04571415982c5e48\windows-amd64\native-platform.dll
Event: 0.860 Loaded shared library C:\Users\ariha\.gradle\native\jansi\1.18\windows64\jansi.dll
Event: 1.045 Loaded shared library C:\Program Files\Java\jdk-24\bin\management.dll
Event: 1.047 Loaded shared library C:\Program Files\Java\jdk-24\bin\management_ext.dll
Event: 1.253 Loaded shared library C:\Program Files\Java\jdk-24\bin\extnet.dll
Event: 1.318 Loaded shared library C:\Program Files\Java\jdk-24\bin\sunmscapi.dll

Deoptimization events (20 events):
Event: 232.220 Thread 0x000001f6ed6a0a10 Uncommon trap: trap_request=0xffffff4d fr.pc=0x000001f69d1a2878 relative=0x00000000000004f8
Event: 232.220 Thread 0x000001f6ed6a0a10 Uncommon trap: reason=unstable_if action=reinterpret pc=0x000001f69d1a2878 method=org.gradle.internal.logging.sink.GroupingProgressLogEventGenerator$OperationGroup.canClaimForeground()Z @ 16 c2
Event: 232.220 Thread 0x000001f6ed6a0a10 DEOPT PACKING pc=0x000001f69d1a2878 sp=0x0000004f7ccfecf0
Event: 232.220 Thread 0x000001f6ed6a0a10 DEOPT UNPACKING pc=0x000001f69cc47802 sp=0x0000004f7ccfeae8 mode 2
Event: 369.150 Thread 0x000001f6ed6a0a10 Uncommon trap: trap_request=0xffffff4d fr.pc=0x000001f69d1a30a4 relative=0x0000000000000264
Event: 369.150 Thread 0x000001f6ed6a0a10 Uncommon trap: reason=unstable_if action=reinterpret pc=0x000001f69d1a30a4 method=org.gradle.internal.logging.sink.GroupingProgressLogEventGenerator$OperationGroup.canClaimForeground()Z @ 4 c2
Event: 369.151 Thread 0x000001f6ed6a0a10 DEOPT PACKING pc=0x000001f69d1a30a4 sp=0x0000004f7ccfeca0
Event: 369.151 Thread 0x000001f6ed6a0a10 DEOPT UNPACKING pc=0x000001f69cc47802 sp=0x0000004f7ccfeb08 mode 2
Event: 505.658 Thread 0x000001f68aa5ce20 Uncommon trap: trap_request=0xffffff4d fr.pc=0x000001f69d176018 relative=0x0000000000000bd8
Event: 506.569 Thread 0x000001f68aa5ce20 Uncommon trap: reason=unstable_if action=reinterpret pc=0x000001f69d176018 method=com.esotericsoftware.kryo.io.Input.readUtf8Length(I)I @ 46 c2
Event: 506.569 Thread 0x000001f68aa5ce20 DEOPT PACKING pc=0x000001f69d176018 sp=0x0000004f7b8fe240
Event: 506.570 Thread 0x000001f68aa5ce20 DEOPT UNPACKING pc=0x000001f69cc47802 sp=0x0000004f7b8fe198 mode 2
Event: 506.573 Thread 0x000001f68aa5ce20 Uncommon trap: trap_request=0xffffff4d fr.pc=0x000001f69d168fdc relative=0x000000000000041c
Event: 506.573 Thread 0x000001f68aa5ce20 Uncommon trap: reason=unstable_if action=reinterpret pc=0x000001f69d168fdc method=com.esotericsoftware.kryo.io.Input.readUtf8(I)V @ 79 c2
Event: 506.573 Thread 0x000001f68aa5ce20 DEOPT PACKING pc=0x000001f69d168fdc sp=0x0000004f7b8fe1c0
Event: 506.573 Thread 0x000001f68aa5ce20 DEOPT UNPACKING pc=0x000001f69cc47802 sp=0x0000004f7b8fe168 mode 2
Event: 507.784 Thread 0x000001f6ed6a0a10 Uncommon trap: trap_request=0xffffff4d fr.pc=0x000001f69d1ad35c relative=0x00000000000000fc
Event: 508.617 Thread 0x000001f6ed6a0a10 Uncommon trap: reason=unstable_if action=reinterpret pc=0x000001f69d1ad35c method=org.gradle.internal.logging.sink.GroupingProgressLogEventGenerator$OperationGroup.shouldForward()Z @ 26 c2
Event: 508.617 Thread 0x000001f6ed6a0a10 DEOPT PACKING pc=0x000001f69d1ad35c sp=0x0000004f7ccfeba0
Event: 508.617 Thread 0x000001f6ed6a0a10 DEOPT UNPACKING pc=0x000001f69cc47802 sp=0x0000004f7ccfeae0 mode 2

Classes loaded (20 events):
Event: 1.391 Loading class jdk/internal/logger/LazyLoggers$LazyLoggerFactories
Event: 1.391 Loading class jdk/internal/logger/LazyLoggers$LazyLoggerFactories done
Event: 1.391 Loading class jdk/internal/logger/LoggerFinderLoader
Event: 1.392 Loading class jdk/internal/logger/LoggerFinderLoader done
Event: 1.392 Loading class jdk/internal/logger/LoggerFinderLoader$TemporaryLoggerFinder
Event: 1.392 Loading class jdk/internal/logger/LoggerFinderLoader$TemporaryLoggerFinder done
Event: 1.392 Loading class sun/util/logging/internal/LoggingProviderImpl$JULWrapper
Event: 1.393 Loading class sun/util/logging/PlatformLogger$ConfigurableBridge$LoggerConfiguration
Event: 1.393 Loading class sun/util/logging/PlatformLogger$ConfigurableBridge$LoggerConfiguration done
Event: 1.393 Loading class sun/util/logging/internal/LoggingProviderImpl$JULWrapper done
Event: 1.393 Loading class java/io/ObjectInputFilter$Config$BuiltinFilterFactory
Event: 1.393 Loading class java/io/ObjectInputFilter$Config$BuiltinFilterFactory done
Event: 1.393 Loading class jdk/internal/access/JavaObjectInputFilterAccess
Event: 1.393 Loading class jdk/internal/access/JavaObjectInputFilterAccess done
Event: 1.394 Loading class java/lang/System$Logger$Level
Event: 1.394 Loading class java/lang/System$Logger$Level done
Event: 1.577 Loading class java/util/AbstractList$ListItr
Event: 1.577 Loading class java/util/AbstractList$ListItr done
Event: 11.589 Loading class java/lang/invoke/MethodHandle$1
Event: 11.589 Loading class java/lang/invoke/MethodHandle$1 done

Classes unloaded (0 events):
No events

Classes redefined (0 events):
No events

Internal exceptions (20 events):
Event: 0.829 Thread 0x000001f68aa5ce20 Exception <a 'java/lang/NoSuchMethodError'{0x00000000fe0714c8}: 'int java.lang.invoke.DirectMethodHandle$Holder.invokeSpecial(java.lang.Object, java.lang.Object, java.lang.Object)'> (0x00000000fe0714c8) 
thrown [s\open\src\hotspot\share\interpreter\linkResolver.cpp, line 805]
Event: 0.936 Thread 0x000001f68aa5ce20 Exception <a 'java/lang/NoSuchMethodError'{0x00000000fdc65eb0}: 'java.lang.Object java.lang.invoke.Invokers$Holder.invokeExact_MT(java.lang.Object, java.lang.Object, java.lang.Object, java.lang.Object, java.lang.Object)'> (0x00000000fdc65eb0) 
thrown [s\open\src\hotspot\share\interpreter\linkResolver.cpp, line 805]
Event: 0.951 Thread 0x000001f68aa5ce20 Exception <a 'java/lang/NoSuchMethodError'{0x00000000fdc97d58}: 'java.lang.Object java.lang.invoke.DirectMethodHandle$Holder.invokeVirtual(java.lang.Object, java.lang.Object, java.lang.Object, java.lang.Object, java.lang.Object, java.lang.Object, java.lang.Object)'> (0x00000000fdc97d58) 
thrown [s\open\src\hotspot\share\interpreter\linkResolver.cpp, line 805]
Event: 0.958 Thread 0x000001f68aa5ce20 Exception <a 'java/lang/NoSuchMethodError'{0x00000000fdccbd50}: 'java.lang.Object java.lang.invoke.DirectMethodHandle$Holder.invokeStatic(java.lang.Object, java.lang.Object, java.lang.Object, java.lang.Object, java.lang.Object, java.lang.Object, java.lang.Object, java.lang.Object)'> (0x00000000fdccbd50) 
thrown [s\open\src\hotspot\share\interpreter\linkResolver.cpp, line 805]
Event: 0.962 Thread 0x000001f68aa5ce20 Exception <a 'java/lang/NoSuchMethodError'{0x00000000fdcefbf8}: 'java.lang.Object java.lang.invoke.DirectMethodHandle$Holder.invokeStatic(java.lang.Object, java.lang.Object, java.lang.Object, java.lang.Object, java.lang.Object, java.lang.Object, java.lang.Object, java.lang.Object, java.lang.Object)'> (0x00000000fdcefbf8) 
thrown [s\open\src\hotspot\share\interpreter\linkResolver.cpp, line 805]
Event: 0.972 Thread 0x000001f68aa5ce20 Exception <a 'java/lang/NoSuchMethodError'{0x00000000ffd206d8}: 'java.lang.Object java.lang.invoke.DirectMethodHandle$Holder.invokeStatic(java.lang.Object, java.lang.Object, java.lang.Object, java.lang.Object, java.lang.Object, java.lang.Object, java.lang.Object, java.lang.Object, java.lang.Object, java.lang.Object)'> (0x00000000ffd206d8) 
thrown [s\open\src\hotspot\share\interpreter\linkResolver.cpp, line 805]
Event: 0.976 Thread 0x000001f68aa5ce20 Exception <a 'java/lang/NoSuchMethodError'{0x00000000ffd4be18}: 'java.lang.Object java.lang.invoke.DirectMethodHandle$Holder.invokeVirtual(java.lang.Object, java.lang.Object, java.lang.Object, java.lang.Object)'> (0x00000000ffd4be18) 
thrown [s\open\src\hotspot\share\interpreter\linkResolver.cpp, line 805]
Event: 0.997 Thread 0x000001f68aa5ce20 Exception <a 'java/lang/NoSuchMethodError'{0x00000000ffc87640}: 'java.lang.Object java.lang.invoke.DirectMethodHandle$Holder.invokeVirtual(java.lang.Object, java.lang.Object, java.lang.Object, java.lang.Object, java.lang.Object, java.lang.Object)'> (0x00000000ffc87640) 
thrown [s\open\src\hotspot\share\interpreter\linkResolver.cpp, line 805]
Event: 1.028 Thread 0x000001f68aa5ce20 Implicit null exception at 0x000001f69d115faa to 0x000001f69d116234
Event: 1.061 Thread 0x000001f68aa5ce20 Exception <a 'java/lang/NoSuchMethodError'{0x00000000ff9d3a68}: 'int java.lang.invoke.DirectMethodHandle$Holder.invokeVirtual(java.lang.Object, java.lang.Object, java.lang.Object)'> (0x00000000ff9d3a68) 
thrown [s\open\src\hotspot\share\interpreter\linkResolver.cpp, line 805]
Event: 1.096 Thread 0x000001f68aa5ce20 Exception <a 'java/lang/NoSuchMethodError'{0x00000000ff758420}: 'java.lang.Object java.lang.invoke.DirectMethodHandle$Holder.invokeVirtual(java.lang.Object, java.lang.Object, java.lang.Object, java.lang.Object, java.lang.Object)'> (0x00000000ff758420) 
thrown [s\open\src\hotspot\share\interpreter\linkResolver.cpp, line 805]
Event: 1.097 Thread 0x000001f68aa5ce20 Exception <a 'java/lang/NoSuchMethodError'{0x00000000ff784e50}: 'java.lang.Object java.lang.invoke.Invokers$Holder.invokeExact_MT(java.lang.Object, java.lang.Object, java.lang.Object, java.lang.Object, java.lang.Object, java.lang.Object)'> (0x00000000ff784e50) 
thrown [s\open\src\hotspot\share\interpreter\linkResolver.cpp, line 805]
Event: 1.108 Thread 0x000001f68aa5ce20 Exception <a 'java/lang/NoSuchMethodError'{0x00000000ff6543d0}: 'java.lang.Object java.lang.invoke.DirectMethodHandle$Holder.invokeVirtual(java.lang.Object, java.lang.Object, java.lang.Object, java.lang.Object, java.lang.Object, java.lang.Object, java.lang.Object, java.lang.Object)'> (0x00000000ff6543d0) 
thrown [s\open\src\hotspot\share\interpreter\linkResolver.cpp, line 805]
Event: 1.114 Thread 0x000001f68aa5ce20 Exception <a 'java/lang/NoSuchMethodError'{0x00000000ff6b5a98}: 'java.lang.Object java.lang.invoke.DirectMethodHandle$Holder.invokeStatic(java.lang.Object, java.lang.Object, java.lang.Object, java.lang.Object, java.lang.Object, java.lang.Object, java.lang.Object, java.lang.Object, java.lang.Object, java.lang.Object, java.lang.Object)'> (0x00000000ff6b5a98) 
thrown [s\open\src\hotspot\share\interpreter\linkResolver.cpp, line 805]
Event: 1.182 Thread 0x000001f68aa5ce20 Exception <a 'java/lang/NoSuchMethodError'{0x00000000ff339448}: 'java.lang.Object java.lang.invoke.DirectMethodHandle$Holder.invokeStaticInit(java.lang.Object, int, int, int, int)'> (0x00000000ff339448) 
thrown [s\open\src\hotspot\share\interpreter\linkResolver.cpp, line 805]
Event: 1.219 Thread 0x000001f68aa5ce20 Exception <a 'java/lang/NoSuchMethodError'{0x00000000ff3eb100}: 'java.lang.Object java.lang.invoke.DirectMethodHandle$Holder.invokeStaticInit(java.lang.Object, java.lang.Object, int, int, int, int)'> (0x00000000ff3eb100) 
thrown [s\open\src\hotspot\share\interpreter\linkResolver.cpp, line 805]
Event: 1.257 Thread 0x000001f68aa5ce20 Exception <a 'java/lang/NoSuchMethodError'{0x00000000ff21d740}: 'void java.lang.invoke.DirectMethodHandle$Holder.invokeStatic(java.lang.Object, java.lang.Object, java.lang.Object)'> (0x00000000ff21d740) 
thrown [s\open\src\hotspot\share\interpreter\linkResolver.cpp, line 805]
Event: 1.278 Thread 0x000001f68aa5ce20 Implicit null exception at 0x000001f69d100474 to 0x000001f69d100984
Event: 1.280 Thread 0x000001f68aa5ce20 Implicit null exception at 0x000001f69d116490 to 0x000001f69d116a5c
Event: 1.283 Thread 0x000001f68aa5ce20 Exception <a 'java/lang/NoSuchMethodError'{0x00000000ff12f4d8}: 'void java.lang.invoke.DirectMethodHandle$Holder.invokeInterface(java.lang.Object, java.lang.Object, java.lang.Object)'> (0x00000000ff12f4d8) 
thrown [s\open\src\hotspot\share\interpreter\linkResolver.cpp, line 805]

VM Operations (20 events):
Event: 120.361 Executing VM operation: RendezvousGCThreads
Event: 120.362 Executing VM operation: RendezvousGCThreads done
Event: 159.396 Executing VM operation: G1CollectForAllocation (G1 Evacuation Pause)
Event: 159.406 Executing VM operation: G1CollectForAllocation (G1 Evacuation Pause) done
Event: 180.400 Executing VM operation: HandshakeAllThreads (HandshakeForDeflation)
Event: 180.401 Executing VM operation: HandshakeAllThreads (HandshakeForDeflation) done
Event: 180.401 Executing VM operation: RendezvousGCThreads
Event: 180.401 Executing VM operation: RendezvousGCThreads done
Event: 300.744 Executing VM operation: HandshakeAllThreads (HandshakeForDeflation)
Event: 300.747 Executing VM operation: HandshakeAllThreads (HandshakeForDeflation) done
Event: 300.747 Executing VM operation: RendezvousGCThreads
Event: 300.747 Executing VM operation: RendezvousGCThreads done
Event: 360.905 Executing VM operation: HandshakeAllThreads (HandshakeForDeflation)
Event: 360.911 Executing VM operation: HandshakeAllThreads (HandshakeForDeflation) done
Event: 360.911 Executing VM operation: RendezvousGCThreads
Event: 360.911 Executing VM operation: RendezvousGCThreads done
Event: 421.147 Executing VM operation: HandshakeAllThreads (HandshakeForDeflation)
Event: 421.147 Executing VM operation: HandshakeAllThreads (HandshakeForDeflation) done
Event: 421.147 Executing VM operation: RendezvousGCThreads
Event: 421.147 Executing VM operation: RendezvousGCThreads done

Memory protections (0 events):
No events

Nmethod flushes (0 events):
No events

Events (16 events):
Event: 0.024 Thread 0x000001f68aa5ce20 Thread added: 0x000001f68aa5ce20
Event: 0.034 Thread 0x000001f68aa5ce20 Thread added: 0x000001f6a7411c20
Event: 0.034 Thread 0x000001f68aa5ce20 Thread added: 0x000001f6a7413470
Event: 0.034 Thread 0x000001f68aa5ce20 Thread added: 0x000001f6a7415d00
Event: 0.034 Thread 0x000001f68aa5ce20 Thread added: 0x000001f6a7418820
Event: 0.034 Thread 0x000001f68aa5ce20 Thread added: 0x000001f6a74193e0
Event: 0.034 Thread 0x000001f68aa5ce20 Thread added: 0x000001f6a7425f50
Event: 0.034 Thread 0x000001f68aa5ce20 Thread added: 0x000001f6a74269c0
Event: 0.034 Thread 0x000001f68aa5ce20 Thread added: 0x000001f6a7428810
Event: 0.037 Thread 0x000001f68aa5ce20 Thread added: 0x000001f6a749ab30
Event: 0.040 Thread 0x000001f68aa5ce20 Thread added: 0x000001f6a74a7a80
Event: 0.200 Thread 0x000001f6a74269c0 Thread added: 0x000001f6a7676b00
Event: 0.371 Thread 0x000001f6a7428810 Thread added: 0x000001f6ed05dab0
Event: 0.876 Thread 0x000001f68aa5ce20 Thread added: 0x000001f6ed6a0a10
Event: 1.477 Thread 0x000001f6ed05dab0 Thread exited: 0x000001f6ed05dab0
Event: 1.477 Thread 0x000001f6a7676b00 Thread exited: 0x000001f6a7676b00


Dynamic libraries:
0x00007ff6a1700000 - 0x00007ff6a1710000 	C:\Program Files\Java\jdk-24\bin\java.exe
0x00007ffdc25e0000 - 0x00007ffdc2848000 	C:\WINDOWS\SYSTEM32\ntdll.dll
0x00007ffdc1820000 - 0x00007ffdc18e9000 	C:\WINDOWS\System32\KERNEL32.DLL
0x00007ffdbfc60000 - 0x00007ffdc004d000 	C:\WINDOWS\System32\KERNELBASE.dll
0x00007ffdc0100000 - 0x00007ffdc024b000 	C:\WINDOWS\System32\ucrtbase.dll
0x00007ffdadc80000 - 0x00007ffdadc96000 	C:\Program Files\Java\jdk-24\bin\jli.dll
0x00007ffdacfc0000 - 0x00007ffdacfdb000 	C:\Program Files\Java\jdk-24\bin\VCRUNTIME140.dll
0x00007ffdc0eb0000 - 0x00007ffdc107c000 	C:\WINDOWS\System32\USER32.dll
0x00007ffda8b50000 - 0x00007ffda8dea000 	C:\WINDOWS\WinSxS\amd64_microsoft.windows.common-controls_6595b64144ccf1df_6.0.26100.4484_none_3e0e6d4ce32ef3b3\COMCTL32.dll
0x00007ffdbfab0000 - 0x00007ffdbfad7000 	C:\WINDOWS\System32\win32u.dll
0x00007ffdc24f0000 - 0x00007ffdc2599000 	C:\WINDOWS\System32\msvcrt.dll
0x00007ffdc1100000 - 0x00007ffdc112b000 	C:\WINDOWS\System32\GDI32.dll
0x00007ffdbf8b0000 - 0x00007ffdbf9e7000 	C:\WINDOWS\System32\gdi32full.dll
0x00007ffdc0050000 - 0x00007ffdc00f3000 	C:\WINDOWS\System32\msvcp_win.dll
0x00007ffdc0390000 - 0x00007ffdc03bf000 	C:\WINDOWS\System32\IMM32.DLL
0x00007ffdb9320000 - 0x00007ffdb932c000 	C:\Program Files\Java\jdk-24\bin\vcruntime140_1.dll
0x00007ffd9d890000 - 0x00007ffd9d91e000 	C:\Program Files\Java\jdk-24\bin\msvcp140.dll
0x00007ffd4fa50000 - 0x00007ffd507f2000 	C:\Program Files\Java\jdk-24\bin\server\jvm.dll
0x00007ffdc2430000 - 0x00007ffdc24e4000 	C:\WINDOWS\System32\ADVAPI32.dll
0x00007ffdc22d0000 - 0x00007ffdc2376000 	C:\WINDOWS\System32\sechost.dll
0x00007ffdc1700000 - 0x00007ffdc1818000 	C:\WINDOWS\System32\RPCRT4.dll
0x00007ffdc1ba0000 - 0x00007ffdc1c14000 	C:\WINDOWS\System32\WS2_32.dll
0x00007ffdbf580000 - 0x00007ffdbf5de000 	C:\WINDOWS\SYSTEM32\POWRPROF.dll
0x00007ffdb8060000 - 0x00007ffdb806b000 	C:\WINDOWS\SYSTEM32\VERSION.dll
0x00007ffdac400000 - 0x00007ffdac435000 	C:\WINDOWS\SYSTEM32\WINMM.dll
0x00007ffdbf560000 - 0x00007ffdbf574000 	C:\WINDOWS\SYSTEM32\UMPDC.dll
0x00007ffdbe4d0000 - 0x00007ffdbe4eb000 	C:\WINDOWS\SYSTEM32\kernel.appcore.dll
0x00007ffdb86e0000 - 0x00007ffdb86ea000 	C:\Program Files\Java\jdk-24\bin\jimage.dll
0x00007ffdb0bd0000 - 0x00007ffdb0e11000 	C:\WINDOWS\SYSTEM32\DBGHELP.DLL
0x00007ffdc1130000 - 0x00007ffdc14b6000 	C:\WINDOWS\System32\combase.dll
0x00007ffdc1cf0000 - 0x00007ffdc1dd0000 	C:\WINDOWS\System32\OLEAUT32.dll
0x00007ffd9d9e0000 - 0x00007ffd9da23000 	C:\WINDOWS\SYSTEM32\dbgcore.DLL
0x00007ffdc0250000 - 0x00007ffdc02e9000 	C:\WINDOWS\System32\bcryptPrimitives.dll
0x00007ffda2310000 - 0x00007ffda232e000 	C:\Program Files\Java\jdk-24\bin\java.dll
0x00007ffdc18f0000 - 0x00007ffdc1a8e000 	C:\WINDOWS\System32\ole32.dll
0x00007ffdc05f0000 - 0x00007ffdc0d3a000 	C:\WINDOWS\System32\SHELL32.dll
0x00007ffdbfae0000 - 0x00007ffdbfc54000 	C:\WINDOWS\System32\wintypes.dll
0x00007ffdbd3b0000 - 0x00007ffdbdc0b000 	C:\WINDOWS\SYSTEM32\windows.storage.dll
0x00007ffdc1aa0000 - 0x00007ffdc1b95000 	C:\WINDOWS\System32\SHCORE.dll
0x00007ffdc1c20000 - 0x00007ffdc1c8a000 	C:\WINDOWS\System32\shlwapi.dll
0x00007ffdbf640000 - 0x00007ffdbf66f000 	C:\WINDOWS\SYSTEM32\profapi.dll
0x00007ffd963a0000 - 0x00007ffd96477000 	C:\Program Files\Java\jdk-24\bin\jsvml.dll
0x00007ffdb7f20000 - 0x00007ffdb7f30000 	C:\Program Files\Java\jdk-24\bin\net.dll
0x00007ffdbea60000 - 0x00007ffdbeaca000 	C:\WINDOWS\system32\mswsock.dll
0x00007ffda22f0000 - 0x00007ffda2306000 	C:\Program Files\Java\jdk-24\bin\nio.dll
0x00007ffda22d0000 - 0x00007ffda22e7000 	C:\Program Files\Java\jdk-24\bin\zip.dll
0x00007ffdb2550000 - 0x00007ffdb2560000 	C:\Program Files\Java\jdk-24\bin\verify.dll
0x00007ffd9da30000 - 0x00007ffd9da57000 	C:\Users\ariha\.gradle\native\c067742578af261105cb4f569cf0c3c89f3d7b1fecec35dd04571415982c5e48\windows-amd64\native-platform.dll
0x00007ffdba960000 - 0x00007ffdba96a000 	C:\Users\ariha\.gradle\native\jansi\1.18\windows64\jansi.dll
0x00007ffdb2010000 - 0x00007ffdb201a000 	C:\Program Files\Java\jdk-24\bin\management.dll
0x00007ffdb0ef0000 - 0x00007ffdb0efb000 	C:\Program Files\Java\jdk-24\bin\management_ext.dll
0x00007ffdc03d0000 - 0x00007ffdc03d8000 	C:\WINDOWS\System32\PSAPI.DLL
0x00007ffdbed10000 - 0x00007ffdbed2b000 	C:\WINDOWS\SYSTEM32\CRYPTSP.dll
0x00007ffdbe430000 - 0x00007ffdbe46b000 	C:\WINDOWS\system32\rsaenh.dll
0x00007ffdbeb00000 - 0x00007ffdbeb2b000 	C:\WINDOWS\SYSTEM32\USERENV.dll
0x00007ffdbf610000 - 0x00007ffdbf636000 	C:\WINDOWS\SYSTEM32\bcrypt.dll
0x00007ffdbed30000 - 0x00007ffdbed3c000 	C:\WINDOWS\SYSTEM32\CRYPTBASE.dll
0x00007ffdbdf00000 - 0x00007ffdbdf33000 	C:\WINDOWS\SYSTEM32\IPHLPAPI.DLL
0x00007ffdc1de0000 - 0x00007ffdc1dea000 	C:\WINDOWS\System32\NSI.dll
0x00007ffda5410000 - 0x00007ffda5419000 	C:\Program Files\Java\jdk-24\bin\extnet.dll
0x00007ffd9de20000 - 0x00007ffd9de2e000 	C:\Program Files\Java\jdk-24\bin\sunmscapi.dll
0x00007ffdbf730000 - 0x00007ffdbf8a7000 	C:\WINDOWS\System32\CRYPT32.dll
0x00007ffdbef30000 - 0x00007ffdbef60000 	C:\WINDOWS\SYSTEM32\ncrypt.dll
0x00007ffdbeee0000 - 0x00007ffdbef1f000 	C:\WINDOWS\SYSTEM32\NTASN1.dll
0x00007ffd4c380000 - 0x00007ffd4c388000 	C:\WINDOWS\system32\wshunix.dll

dbghelp: loaded successfully - version: 4.0.5 - missing functions: none
symbol engine: initialized successfully - sym options: 0x614 - pdb path: .;C:\Program Files\Java\jdk-24\bin;C:\WINDOWS\SYSTEM32;C:\WINDOWS\WinSxS\amd64_microsoft.windows.common-controls_6595b64144ccf1df_6.0.26100.4484_none_3e0e6d4ce32ef3b3;C:\Program Files\Java\jdk-24\bin\server;C:\Users\ariha\.gradle\native\c067742578af261105cb4f569cf0c3c89f3d7b1fecec35dd04571415982c5e48\windows-amd64;C:\Users\ariha\.gradle\native\jansi\1.18\windows64

VM Arguments:
jvm_args: -Xmx64m -Xms64m -Dorg.gradle.appname=gradlew 
java_command: org.gradle.wrapper.GradleWrapperMain build --refresh-dependencies
java_class_path (initial): D:\Projects\Sanmati Mall\Sanmati Mall\\gradle\wrapper\gradle-wrapper.jar
Launcher Type: SUN_STANDARD

[Global flags]
     intx CICompilerCount                          = 4                                         {product} {ergonomic}
     uint ConcGCThreads                            = 2                                         {product} {ergonomic}
     uint G1ConcRefinementThreads                  = 8                                         {product} {ergonomic}
   size_t G1HeapRegionSize                         = 1048576                                   {product} {ergonomic}
   size_t InitialHeapSize                          = 67108864                                  {product} {command line}
   size_t MarkStackSize                            = 4194304                                   {product} {ergonomic}
   size_t MarkStackSizeMax                         = 536870912                                 {product} {ergonomic}
   size_t MaxHeapSize                              = 67108864                                  {product} {command line}
   size_t MaxNewSize                               = 39845888                                  {product} {ergonomic}
   size_t MinHeapDeltaBytes                        = 1048576                                   {product} {ergonomic}
   size_t MinHeapSize                              = 67108864                                  {product} {command line}
    uintx NonNMethodCodeHeapSize                   = 5832704                                {pd product} {ergonomic}
    uintx NonProfiledCodeHeapSize                  = 122945536                              {pd product} {ergonomic}
    uintx ProfiledCodeHeapSize                     = 122880000                              {pd product} {ergonomic}
    uintx ReservedCodeCacheSize                    = 251658240                              {pd product} {ergonomic}
     bool SegmentedCodeCache                       = true                                      {product} {ergonomic}
   size_t SoftMaxHeapSize                          = 67108864                               {manageable} {ergonomic}
     bool UseCompressedOops                        = true                           {product lp64_product} {ergonomic}
     bool UseG1GC                                  = true                                      {product} {ergonomic}
     bool UseLargePagesIndividualAllocation        = false                                  {pd product} {ergonomic}

Logging:
Log output configuration:
 #0: stdout all=warning uptime,level,tags foldmultilines=false
 #1: stderr all=off uptime,level,tags foldmultilines=false

Environment Variables:
CLASSPATH=D:\Projects\Sanmati Mall\Sanmati Mall\\gradle\wrapper\gradle-wrapper.jar
PATH=C:\Program Files\Common Files\Oracle\Java\javapath;C:\WINDOWS\system32;C:\WINDOWS;C:\WINDOWS\System32\Wbem;C:\WINDOWS\System32\WindowsPowerShell\v1.0\;C:\WINDOWS\System32\OpenSSH\;C:\Program Files\Intel\WiFi\bin\;C:\Program Files\Common Files\Intel\WirelessCommon\;C:\Program Files\Git\cmd;C:\Program Files\Java\jdk-24\bin;C:\Program Files\nodejs\;C:\Users\ariha\AppData\Local\Microsoft\WindowsApps;C:\Program Files\JetBrains\IntelliJ IDEA 2024.3.4.1\bin;C:\Program Files\PostgreSQL\17\bin;;C:\Program Files\JetBrains\IntelliJ IDEA Community Edition 2025.1.3\bin;;C:\Tools\Gradle\gradle-8.13\bin;C:\Users\ariha\AppData\Roaming\npm;C:\Users\ariha\AppData\Local\Programs\Microsoft VS Code\bin;D:\kobweb-0.9.18\kobweb-0.9.18\bin;
USERNAME=ariha
OS=Windows_NT
PROCESSOR_IDENTIFIER=Intel64 Family 6 Model 142 Stepping 11, GenuineIntel
TMP=C:\Users\ariha\AppData\Local\Temp
TEMP=C:\Users\ariha\AppData\Local\Temp




Periodic native trim disabled

---------------  S Y S T E M  ---------------

OS:
 Windows 11 , 64 bit Build 26100 (10.0.26100.4484)
OS uptime: 0 days 1:07 hours

CPU: total 8 (initial active 8) (4 cores per cpu, 2 threads per core) family 6 model 142 stepping 11 microcode 0xde, cx8, cmov, fxsr, ht, mmx, 3dnowpref, sse, sse2, sse3, ssse3, sse4.1, sse4.2, popcnt, lzcnt, tsc, tscinvbit, avx, avx2, aes, erms, clmul, bmi1, bmi2, adx, fma, vzeroupper, clflush, clflushopt, rdtscp, f16c
Processor Information for the first 8 processors :
  Max Mhz: 1800, Current Mhz: 1600, Mhz Limit: 1584

Memory: 4k page, system-wide physical 8043M (1535M free)
TotalPageFile size 18795M (AvailPageFile size 578M)
current process WorkingSet (physical memory assigned to process): 32M, peak: 121M
current process commit charge ("private bytes"): 177M, peak: 194M

vm_info: Java HotSpot(TM) 64-Bit Server VM (24+36-3646) for windows-amd64 JRE (24+36-3646), built on 2025-02-06T00:20:43Z with MS VC++ 17.6 (VS2022)

END.
